{
  "RSpec": {
    "coverage": {
      "/Users/Hannah/Dropbox/launchacademy/waywt/spec/support/user_sign_in_helper.rb": [
        1,
        1,
        2,
        2,
        2,
        2,
        null,
        null
      ],
      "/Users/Hannah/Dropbox/launchacademy/waywt/app/controllers/application_controller.rb": [
        1,
        1,
        null,
        1,
        null,
        1,
        null,
        1,
        5,
        7,
        5,
        null,
        null
      ],
      "/Users/Hannah/Dropbox/launchacademy/waywt/app/controllers/users_controller.rb": [
        1,
        1,
        3,
        null,
        null
      ],
      "/Users/Hannah/Dropbox/launchacademy/waywt/app/controllers/outfits_controller.rb": [
        1,
        1,
        1,
        null,
        null,
        1,
        0,
        0,
        0,
        0,
        null,
        null,
        0,
        null,
        null,
        null,
        1,
        1,
        null,
        null,
        1,
        null,
        1,
        0,
        null,
        null
      ],
      "/Users/Hannah/Dropbox/launchacademy/waywt/app/models/outfit.rb": [
        1,
        1,
        null,
        1,
        null,
        1,
        null
      ],
      "/Users/Hannah/Dropbox/launchacademy/waywt/app/uploaders/image_uploader.rb": [
        null,
        null,
        1,
        null,
        null,
        null,
        null,
        null,
        null,
        1,
        null,
        null,
        null,
        null,
        1,
        2,
        null,
        null,
        null,
        null,
        null,
        null,
        null,
        null,
        null,
        null,
        null,
        null,
        null,
        null,
        null,
        null,
        null,
        null,
        null,
        null,
        null,
        null,
        null,
        null,
        null,
        null,
        null,
        null,
        null,
        null,
        null,
        null,
        null,
        null,
        null
      ]
    },
    "timestamp": 1398195059
  }
}
